2025-02-01T14:46:32.774763-0600 INFO Placing call
2025-02-01T14:46:40.146072-0600 INFO answer
2025-02-01T14:46:40.146314-0600 INFO Answering call or responding
2025-02-01T14:46:40.146448-0600 INFO Conversation length is 1
2025-02-01T14:46:40.146567-0600 INFO Patient: John
2025-02-01T14:46:50.126775-0600 INFO Processing user input
2025-02-01T14:46:50.127796-0600 WARNING Speech Result: Hi, how are you blue, buddy?
2025-02-01T14:46:50.127936-0600 INFO User Input:
2025-02-01T14:46:52.174643-0600 INFO AI Response:
2025-02-01T14:46:59.624705-0600 INFO answer
2025-02-01T14:46:59.624969-0600 INFO Answering call or responding
2025-02-01T14:46:59.625118-0600 INFO Conversation length is 3
2025-02-01T14:46:59.625249-0600 INFO Patient: John
2025-02-01T14:47:09.058663-0600 INFO Processing user input
2025-02-01T14:47:09.059902-0600 WARNING Speech Result: Yes, I took my medication. I was able to see my grandson Jimmy and he was a big help today.
2025-02-01T14:47:09.060076-0600 INFO User Input:
2025-02-01T14:47:10.607648-0600 INFO AI Response:
2025-02-01T14:47:21.254978-0600 INFO answer
2025-02-01T14:47:21.255237-0600 INFO Answering call or responding
2025-02-01T14:47:21.255385-0600 INFO Conversation length is 5
2025-02-01T14:47:21.255512-0600 INFO Patient: John
2025-02-01T14:47:31.594721-0600 INFO Processing user input
2025-02-01T14:47:31.595773-0600 WARNING Speech Result: No, I think that's all I'm going to see my grandson's piano concert tonight.
2025-02-01T14:47:31.595946-0600 INFO User Input:
2025-02-01T14:47:32.621318-0600 INFO AI Response:
2025-02-01T14:47:39.997436-0600 INFO answer
2025-02-01T14:47:39.997722-0600 INFO Answering call or responding
2025-02-01T14:47:39.997865-0600 INFO Conversation length is 7
2025-02-01T14:47:39.997990-0600 INFO Patient: John
2025-02-01T14:47:46.160826-0600 INFO Processing user input
2025-02-01T14:47:46.161878-0600 WARNING Speech Result: By.
2025-02-01T14:47:46.162046-0600 INFO User Input:
2025-02-01T14:47:46.752977-0600 INFO AI Response:
2025-02-01T14:47:46.863541-0600 INFO Call ended
